<?xml version="1.0" encoding="UTF-8"?>
<testng-results skipped="0" failed="0" ignored="0" total="1" passed="1">
  <reporter-output>
  </reporter-output>
  <suite name="Default suite" duration-ms="8948" started-at="2020-04-25T19:20:25 IST" finished-at="2020-04-25T19:20:34 IST">
    <groups>
    </groups>
    <test name="Default test" duration-ms="8948" started-at="2020-04-25T19:20:25 IST" finished-at="2020-04-25T19:20:34 IST">
      <class name="POMTestCases.Loginapplication">
        <test-method status="PASS" signature="login()[pri:0, instance:POMTestCases.Loginapplication@2a17b7b6]" name="login" duration-ms="8904" started-at="2020-04-25T19:20:25 IST" finished-at="2020-04-25T19:20:34 IST">
          <reporter-output>
          </reporter-output>
        </test-method> <!-- login -->
      </class> <!-- POMTestCases.Loginapplication -->
    </test> <!-- Default test -->
  </suite> <!-- Default suite -->
</testng-results>
